SF:lib/src/features/user_data_portal/domain/io/file_picker_prefs.dart
DA:8,1
DA:9,1
DA:10,1
DA:15,1
DA:16,1
DA:17,1
DA:21,1
DA:22,1
DA:23,1
LF:9
LH:9
end_of_record
SF:lib/src/common/security/secure_name_manager.dart
DA:5,1
DA:12,1
DA:13,2
DA:14,1
DA:15,2
DA:16,1
DA:19,2
DA:20,1
DA:21,1
DA:22,2
DA:23,2
DA:24,2
DA:30,2
DA:32,2
DA:33,1
DA:34,2
DA:35,2
DA:42,1
DA:43,1
DA:44,1
DA:45,1
DA:48,2
DA:51,1
DA:52,2
DA:62,0
DA:66,0
DA:67,0
DA:69,0
DA:71,0
DA:73,0
DA:74,0
LF:31
LH:24
end_of_record
SF:lib/src/features/morning_greeting/domain/daily_quote_notifier.dart
DA:18,1
DA:19,3
DA:36,0
DA:37,0
DA:41,0
DA:42,0
DA:43,0
DA:44,0
DA:46,0
DA:47,0
DA:50,0
DA:62,0
DA:64,0
DA:66,0
DA:79,0
DA:80,0
DA:83,0
DA:85,0
DA:88,0
DA:89,0
DA:90,0
DA:93,0
DA:94,0
DA:95,0
DA:98,0
DA:101,0
DA:102,0
DA:103,0
DA:106,0
DA:107,0
DA:109,0
DA:111,0
DA:115,0
DA:116,0
DA:120,0
DA:122,0
DA:125,0
DA:131,0
DA:134,0
DA:137,0
DA:138,0
DA:140,0
DA:142,0
DA:143,0
DA:144,0
DA:145,0
DA:146,0
DA:150,0
DA:151,0
DA:157,0
DA:163,0
DA:169,0
DA:170,0
DA:172,0
DA:173,0
DA:174,0
DA:176,0
DA:179,0
DA:183,0
DA:189,0
DA:197,0
DA:203,0
DA:207,0
DA:208,0
DA:209,0
DA:210,0
DA:211,0
DA:216,0
DA:225,0
DA:226,0
DA:227,0
DA:235,0
DA:244,0
DA:245,0
DA:247,0
DA:248,0
DA:251,0
DA:252,0
DA:253,0
DA:254,0
DA:255,0
DA:256,0
DA:259,0
DA:262,0
DA:265,0
DA:266,0
DA:269,0
DA:275,0
DA:278,0
DA:283,0
DA:286,0
DA:288,0
DA:289,0
DA:290,0
DA:294,0
DA:295,0
DA:297,0
DA:300,0
DA:303,1
DA:304,1
DA:306,1
DA:307,0
DA:308,1
DA:312,1
DA:314,0
DA:315,0
DA:318,1
DA:319,1
DA:323,1
DA:324,2
DA:325,1
DA:327,2
DA:328,2
DA:332,1
DA:333,2
DA:334,2
DA:338,1
DA:339,3
DA:340,1
DA:341,2
DA:343,2
DA:344,2
DA:345,3
DA:347,0
DA:351,1
DA:352,1
DA:353,2
DA:354,2
DA:356,1
DA:358,4
DA:362,1
DA:363,2
LF:132
LH:32
end_of_record
SF:lib/src/common/domain/app_user.dart
DA:8,0
DA:16,0
DA:17,0
DA:18,0
DA:19,0
DA:20,0
DA:21,0
DA:22,0
DA:26,0
DA:27,0
DA:28,0
DA:29,0
DA:30,0
DA:31,0
DA:32,0
DA:36,0
DA:37,0
DA:38,0
DA:39,0
DA:41,0
DA:45,0
DA:46,0
DA:47,0
DA:48,0
DA:49,0
DA:50,0
DA:51,0
LF:27
LH:0
end_of_record
SF:lib/src/common/domain/prizes.dart
DA:6,1
DA:8,0
DA:9,0
DA:10,0
DA:11,0
DA:12,0
DA:16,0
DA:19,0
DA:21,0
DA:22,0
DA:23,0
DA:28,0
DA:29,0
DA:30,0
DA:31,0
DA:32,0
DA:36,0
DA:38,0
DA:40,0
DA:41,0
DA:45,0
DA:49,0
DA:50,0
DA:51,0
LF:24
LH:1
end_of_record
SF:lib/src/common/domain/settings.dart
DA:16,1
DA:24,1
DA:25,1
DA:26,1
DA:27,1
DA:28,1
DA:29,5
DA:30,2
DA:34,1
DA:37,1
DA:38,1
DA:39,1
DA:40,1
DA:41,2
DA:42,2
DA:44,1
DA:45,1
DA:46,1
DA:47,1
DA:50,0
DA:53,1
DA:54,1
DA:55,1
DA:56,1
DA:58,1
DA:59,4
DA:60,0
DA:64,1
DA:65,1
DA:66,1
DA:67,1
DA:68,1
DA:69,5
DA:70,2
DA:74,1
DA:75,1
DA:76,1
DA:77,1
DA:78,1
DA:79,1
DA:80,4
DA:81,4
DA:83,1
DA:84,4
DA:85,0
LF:45
LH:42
end_of_record
SF:lib/src/data/databaserepository.dart
DA:10,0
DA:11,0
DA:12,0
DA:31,0
DA:32,0
DA:33,0
LF:6
LH:0
end_of_record
SF:lib/src/common/domain/task.dart
DA:7,1
DA:14,2
DA:15,1
DA:16,1
DA:17,1
DA:18,1
DA:21,1
DA:22,1
DA:23,1
DA:24,1
DA:25,1
DA:26,1
DA:42,2
DA:52,1
DA:54,0
DA:55,0
DA:56,0
DA:57,0
DA:58,0
DA:59,0
DA:60,0
DA:61,0
DA:62,0
DA:63,0
DA:64,0
DA:68,0
DA:69,0
DA:70,0
DA:71,0
DA:72,0
DA:73,0
DA:74,0
DA:75,0
DA:76,0
DA:77,0
DA:78,0
DA:80,0
DA:82,0
DA:83,0
DA:84,0
DA:85,0
DA:89,1
DA:90,1
DA:91,1
DA:92,1
DA:93,1
DA:94,1
DA:95,1
DA:96,1
DA:97,1
DA:98,1
DA:99,5
DA:103,1
DA:104,1
DA:105,1
DA:106,1
DA:107,1
DA:108,1
DA:109,1
DA:110,1
DA:111,1
DA:112,1
DA:113,1
DA:115,1
DA:117,1
DA:118,1
DA:119,1
DA:120,0
LF:68
LH:40
end_of_record
SF:lib/src/common/notifications/awesome_notif_service.dart
DA:6,0
DA:7,0
DA:15,0
DA:16,0
DA:19,0
DA:20,0
DA:34,0
DA:45,0
DA:64,0
DA:68,0
DA:73,0
DA:74,0
DA:75,0
DA:76,0
DA:77,0
DA:81,0
DA:82,0
DA:83,0
DA:92,0
DA:102,0
DA:103,0
DA:120,0
DA:121,0
DA:124,0
DA:125,0
DA:128,0
DA:132,0
DA:144,0
DA:145,0
DA:160,0
DA:168,0
DA:182,0
DA:183,0
DA:197,0
LF:34
LH:0
end_of_record
SF:lib/src/navigation/notification_router.dart
DA:5,0
DA:6,0
DA:11,0
DA:12,0
LF:4
LH:0
end_of_record
SF:lib/src/data/domain/prize_manager.dart
DA:11,1
DA:13,0
DA:14,0
DA:15,0
DA:16,0
DA:19,1
DA:20,1
DA:21,1
DA:22,1
DA:23,1
DA:24,1
DA:25,1
DA:27,1
DA:28,1
DA:31,0
DA:32,0
DA:33,0
DA:35,0
DA:37,0
DA:42,1
DA:43,1
DA:45,2
DA:46,1
DA:47,4
DA:48,1
DA:49,1
DA:52,0
DA:54,0
DA:57,0
DA:59,0
DA:62,0
DA:66,0
DA:67,0
DA:68,0
DA:69,0
DA:72,0
DA:73,0
DA:74,0
DA:75,0
DA:81,0
DA:82,0
DA:83,0
DA:84,0
DA:85,0
DA:86,0
DA:88,0
DA:89,0
DA:90,0
DA:91,0
DA:92,0
DA:95,1
DA:96,1
DA:97,1
DA:98,0
DA:101,1
DA:102,1
DA:104,2
DA:109,2
DA:110,1
DA:111,4
DA:112,1
DA:113,1
DA:115,0
DA:116,0
DA:117,0
DA:118,0
DA:121,1
DA:122,1
DA:125,1
DA:127,2
DA:128,3
DA:129,1
DA:131,2
DA:135,2
DA:136,1
DA:141,1
DA:142,2
DA:143,5
DA:144,4
DA:145,1
DA:148,1
LF:81
LH:43
end_of_record
SF:lib/src/features/prizes/domain/available_prizes.dart
DA:3,3
DA:4,1
DA:5,1
DA:6,1
DA:7,1
DA:8,1
DA:9,1
DA:10,1
DA:11,1
DA:12,1
DA:13,1
DA:14,1
DA:15,1
DA:16,1
DA:17,1
DA:18,1
DA:19,1
DA:20,1
DA:21,1
DA:22,1
DA:23,1
DA:24,1
DA:25,1
DA:26,1
DA:27,1
DA:28,1
DA:29,1
DA:30,1
DA:31,1
DA:32,1
DA:33,1
DA:34,1
DA:35,1
DA:36,1
DA:37,1
DA:38,1
DA:39,1
DA:40,1
DA:41,1
DA:42,1
DA:43,1
DA:44,1
DA:45,1
DA:46,1
DA:47,1
DA:48,1
DA:49,1
DA:50,1
DA:51,1
DA:52,1
DA:53,1
DA:54,1
DA:55,1
LF:53
LH:53
end_of_record
